<?xml version="1.0" encoding="UTF-8"?>
<!-- Generated by org.testng.reporters.JUnitXMLReporter -->
<testsuite ignored="4" hostname="IN-926HX14" failures="2" tests="3" name="Test" time="19.109" errors="0" timestamp="2024-12-27T10:33:49 IST">
  <testcase classname="com.nagarro.flipkart.tests.AddToCartPageTest" name="testAddToCart" time="7.172"/>
  <testcase classname="com.nagarro.flipkart.tests.RemoveItemFromCartTest" name="testRemoveFromCart" time="0.106">
    <failure type="java.lang.NullPointerException" message="Cannot invoke &amp;quot;org.apache.poi.ss.usermodel.Sheet.getRow(int)&amp;quot; because &amp;quot;sheet&amp;quot; is null">
      <![CDATA[java.lang.NullPointerException: Cannot invoke "org.apache.poi.ss.usermodel.Sheet.getRow(int)" because "sheet" is null
at com.nagarro.flipkart.utils.ExcelUtils.getTestCases(ExcelUtils.java:114)
at com.nagarro.flipkart.tests.RemoveItemFromCartTest.testRemoveFromCart(RemoveItemFromCartTest.java:23)
at java.base/java.util.ArrayList.forEach(ArrayList.java:1511)
... Removed 27 stack frames]]>
    </failure>
  </testcase> <!-- testRemoveFromCart -->
  <testcase classname="com.nagarro.flipkart.tests.SaveForLaterTest" name="testSaveForLater" time="0.047">
    <failure type="java.lang.NullPointerException" message="Cannot invoke &amp;quot;org.apache.poi.ss.usermodel.Sheet.getRow(int)&amp;quot; because &amp;quot;sheet&amp;quot; is null">
      <![CDATA[java.lang.NullPointerException: Cannot invoke "org.apache.poi.ss.usermodel.Sheet.getRow(int)" because "sheet" is null
at com.nagarro.flipkart.utils.ExcelUtils.getTestCases(ExcelUtils.java:114)
at com.nagarro.flipkart.tests.SaveForLaterTest.testSaveForLater(SaveForLaterTest.java:23)
at java.base/java.util.ArrayList.forEach(ArrayList.java:1511)
... Removed 27 stack frames]]>
    </failure>
  </testcase> <!-- testSaveForLater -->
  <testcase classname="com.nagarro.flipkart.utils.WebDriverFactory" name="@AfterSuite tearDownExtentReports" time="0.0">
    <ignored/>
  </testcase> <!-- @AfterSuite tearDownExtentReports -->
  <testcase classname="com.nagarro.flipkart.utils.WebDriverFactory" name="@AfterSuite tearDownExtentReports" time="0.0">
    <ignored/>
  </testcase> <!-- @AfterSuite tearDownExtentReports -->
  <testcase classname="com.nagarro.flipkart.utils.WebDriverFactory" name="@BeforeSuite setUpExtentReport" time="0.0">
    <ignored/>
  </testcase> <!-- @BeforeSuite setUpExtentReport -->
  <testcase classname="com.nagarro.flipkart.utils.WebDriverFactory" name="@BeforeSuite setUpExtentReport" time="0.0">
    <ignored/>
  </testcase> <!-- @BeforeSuite setUpExtentReport -->
</testsuite> <!-- Test -->
