<?xml version="1.0" encoding="UTF-8"?>
<testng-results ignored="0" total="1" passed="1" failed="0" skipped="0">
  <reporter-output>
  </reporter-output>
  <suite started-at="2024-12-27T12:11:54 IST" name="Default suite" finished-at="2024-12-27T12:12:05 IST" duration-ms="10372">
    <groups>
    </groups>
    <test started-at="2024-12-27T12:11:54 IST" name="Default test" finished-at="2024-12-27T12:12:05 IST" duration-ms="10372">
      <class name="com.nagarro.flipkart.tests.AddAndRemoveItemFromCartTest">
        <test-method is-config="true" signature="setUpExtentReport()[pri:0, instance:com.nagarro.flipkart.tests.AddAndRemoveItemFromCartTest@5adb0db3]" started-at="2024-12-27T12:11:54 IST" name="setUpExtentReport" finished-at="2024-12-27T12:11:54 IST" duration-ms="122" status="PASS">
          <reporter-output>
          </reporter-output>
        </test-method> <!-- setUpExtentReport -->
        <test-method is-config="true" signature="setUp()[pri:0, instance:com.nagarro.flipkart.tests.AddAndRemoveItemFromCartTest@5adb0db3]" started-at="2024-12-27T12:11:54 IST" name="setUp" finished-at="2024-12-27T12:11:58 IST" duration-ms="3345" status="PASS">
          <reporter-output>
          </reporter-output>
        </test-method> <!-- setUp -->
        <test-method signature="testAddAndRemoveFromCart()[pri:0, instance:com.nagarro.flipkart.tests.AddAndRemoveItemFromCartTest@5adb0db3]" started-at="2024-12-27T12:11:58 IST" name="testAddAndRemoveFromCart" finished-at="2024-12-27T12:12:04 IST" duration-ms="6712" status="PASS">
          <reporter-output>
          </reporter-output>
        </test-method> <!-- testAddAndRemoveFromCart -->
        <test-method is-config="true" signature="tearDown(org.testng.ITestResult)[pri:0, instance:com.nagarro.flipkart.tests.AddAndRemoveItemFromCartTest@5adb0db3]" started-at="2024-12-27T12:12:04 IST" name="tearDown" finished-at="2024-12-27T12:12:05 IST" duration-ms="292" status="PASS">
          <params>
            <param index="0">
              <value>
                <![CDATA[[TestResult name=testAddAndRemoveFromCart status=SUCCESS method=AddAndRemoveItemFromCartTest.testAddAndRemoveFromCart()[pri:0, instance:com.nagarro.flipkart.tests.AddAndRemoveItemFromCartTest@5adb0db3] output={null}]]]>
              </value>
            </param>
          </params>
          <reporter-output>
          </reporter-output>
        </test-method> <!-- tearDown -->
        <test-method is-config="true" signature="tearDownExtentReports()[pri:0, instance:com.nagarro.flipkart.tests.AddAndRemoveItemFromCartTest@5adb0db3]" started-at="2024-12-27T12:12:05 IST" name="tearDownExtentReports" finished-at="2024-12-27T12:12:05 IST" duration-ms="404" status="PASS">
          <reporter-output>
          </reporter-output>
        </test-method> <!-- tearDownExtentReports -->
      </class> <!-- com.nagarro.flipkart.tests.AddAndRemoveItemFromCartTest -->
    </test> <!-- Default test -->
  </suite> <!-- Default suite -->
</testng-results>
